Job "predict_30min (trigger: cron[minute='10,35'], next run at: 2022-04-27 19:10:00 +07)" raised an exception
Traceback (most recent call last):
  File "/usr/local/lib/python3.10/site-packages/apscheduler/executors/base.py", line 125, in run_job
    retval = job.func(*job.args, **job.kwargs)
  File "/code/predict/views.py", line 79, in predict_30min
    btc_30M_MACD_predict()
  File "/code/predict/predict_btc.py", line 350, in btc_30M_MACD_predict
    btc_30M.objects.filter(Datetime=Datetime,predict_MACD=None).update(predict_MACD=predictMACD)
  File "/usr/local/lib/python3.10/site-packages/django/db/models/manager.py", line 85, in manager_method
    return getattr(self.get_queryset(), name)(*args, **kwargs)
  File "/usr/local/lib/python3.10/site-packages/django/db/models/query.py", line 941, in filter
    return self._filter_or_exclude(False, args, kwargs)
  File "/usr/local/lib/python3.10/site-packages/django/db/models/query.py", line 961, in _filter_or_exclude
    clone._filter_or_exclude_inplace(negate, args, kwargs)
  File "/usr/local/lib/python3.10/site-packages/django/db/models/query.py", line 968, in _filter_or_exclude_inplace
    self._query.add_q(Q(*args, **kwargs))
  File "/usr/local/lib/python3.10/site-packages/django/db/models/sql/query.py", line 1396, in add_q
    clause, _ = self._add_q(q_object, self.used_aliases)
  File "/usr/local/lib/python3.10/site-packages/django/db/models/sql/query.py", line 1415, in _add_q
    child_clause, needed_inner = self.build_filter(
  File "/usr/local/lib/python3.10/site-packages/django/db/models/sql/query.py", line 1350, in build_filter
    condition = self.build_lookup(lookups, col, value)
  File "/usr/local/lib/python3.10/site-packages/django/db/models/sql/query.py", line 1190, in build_lookup
    lhs = self.try_transform(lhs, lookup_name)
  File "/usr/local/lib/python3.10/site-packages/django/db/models/sql/query.py", line 1229, in try_transform
    raise FieldError(
django.core.exceptions.FieldError: Unsupported lookup 'exact' for EncryptedCharField or join on the field not permitted, perhaps you meant exact or iexact?
